TN:
SF:src/Config.ts
FNF:0
FNH:0
DA:1,1
DA:2,1
DA:3,1
DA:4,1
DA:5,1
DA:6,1
DA:7,1
DA:8,1
DA:9,1
DA:10,1
DA:11,1
DA:12,1
DA:13,1
DA:14,1
DA:15,1
DA:16,1
DA:17,1
DA:18,1
DA:19,1
LF:19
LH:19
BRF:0
BRH:0
end_of_record
TN:
SF:src/components/accordion/AccordionItem.tsx
FN:7,AccordionItem
FN:12,onClick
FNF:2
FNH:2
FNDA:7,AccordionItem
FNDA:3,onClick
DA:1,1
DA:2,1
DA:3,1
DA:4,1
DA:5,1
DA:6,1
DA:7,1
DA:8,7
DA:9,7
DA:10,7
DA:11,7
DA:12,7
DA:13,7
DA:14,7
DA:15,7
DA:16,7
DA:17,7
DA:18,7
DA:19,7
DA:20,7
DA:21,7
LF:21
LH:21
BRDA:7,0,0,7
BRDA:15,1,0,2
BRDA:15,2,0,5
BRDA:12,3,0,3
BRF:4
BRH:4
end_of_record
TN:
SF:src/components/alert/Alert.tsx
FN:5,Alert
FNF:1
FNH:1
FNDA:5,Alert
DA:1,1
DA:2,1
DA:3,1
DA:4,1
DA:5,1
DA:6,5
DA:7,5
DA:8,5
DA:9,5
DA:10,5
DA:11,5
DA:12,5
DA:13,5
DA:14,5
LF:14
LH:14
BRDA:5,0,0,5
BRF:1
BRH:1
end_of_record
TN:
SF:src/components/box/Box.tsx
FN:4,Box
FNF:1
FNH:1
FNDA:4,Box
DA:1,1
DA:2,1
DA:3,1
DA:4,1
DA:5,4
DA:6,4
DA:7,4
DA:8,4
DA:9,4
DA:10,4
DA:11,4
DA:12,4
DA:13,4
DA:14,4
DA:15,4
LF:15
LH:15
BRDA:4,0,0,4
BRF:1
BRH:1
end_of_record
TN:
SF:src/components/breadcrumbs/Breadcrumbs.tsx
FN:7,Breadcrumbs
FNF:1
FNH:1
FNDA:4,Breadcrumbs
DA:1,1
DA:2,1
DA:3,1
DA:4,1
DA:5,1
DA:6,1
DA:7,1
DA:8,4
DA:9,4
DA:10,4
DA:11,4
DA:12,4
DA:13,4
DA:14,4
DA:15,8
DA:16,4
DA:17,4
DA:18,4
DA:19,4
DA:20,4
DA:21,4
DA:22,4
DA:23,4
DA:24,4
DA:25,4
DA:26,4
DA:27,4
DA:28,4
DA:29,4
LF:29
LH:29
BRDA:7,0,0,4
BRDA:14,1,0,8
BRF:2
BRH:2
end_of_record
TN:
SF:src/components/button-group/ButtonGroup.tsx
FN:6,ButtonGroup
FN:7,handleClick
FN:16,onClick
FNF:3
FNH:3
FNDA:3,ButtonGroup
FNDA:1,handleClick
FNDA:1,onClick
DA:1,1
DA:2,1
DA:3,1
DA:4,1
DA:5,1
DA:6,1
DA:7,3
DA:8,1
DA:9,1
DA:10,3
DA:11,3
DA:12,3
DA:13,3
DA:14,7
DA:15,7
DA:16,3
DA:17,3
DA:18,3
DA:19,3
DA:20,3
DA:21,3
DA:22,3
DA:23,3
DA:24,3
DA:25,1
DA:26,1
LF:26
LH:26
BRDA:6,0,0,3
BRDA:7,1,0,1
BRDA:13,2,0,7
BRDA:17,3,0,3
BRDA:16,4,0,1
BRF:5
BRH:5
end_of_record
TN:
SF:src/components/card-list/CardList.tsx
FN:6,CardList
FNF:1
FNH:1
FNDA:4,CardList
DA:1,1
DA:2,1
DA:3,1
DA:4,1
DA:5,1
DA:6,1
DA:7,4
DA:8,4
DA:9,4
DA:10,4
DA:11,4
DA:12,4
DA:13,4
DA:14,4
DA:15,1
DA:16,1
LF:16
LH:16
BRDA:6,0,0,4
BRDA:7,1,0,1
BRF:2
BRH:2
end_of_record
TN:
SF:src/components/category-card/CategoryCard.tsx
FN:15,CategoryCard
FN:89,onError
FNF:2
FNH:2
FNDA:5,CategoryCard
FNDA:1,onError
DA:1,1
DA:2,1
DA:3,1
DA:4,1
DA:5,1
DA:6,1
DA:7,1
DA:8,1
DA:9,1
DA:10,1
DA:11,1
DA:12,1
DA:13,1
DA:14,1
DA:15,1
DA:16,5
DA:17,5
DA:18,5
DA:19,5
DA:20,5
DA:21,5
DA:22,5
DA:23,5
DA:24,5
DA:25,5
DA:26,5
DA:27,5
DA:28,5
DA:29,5
DA:30,5
DA:31,5
DA:32,5
DA:33,5
DA:34,5
DA:35,5
DA:36,5
DA:37,5
DA:38,5
DA:39,5
DA:40,5
DA:41,5
DA:42,5
DA:43,5
DA:44,5
DA:45,5
DA:46,5
DA:47,5
DA:48,5
DA:49,5
DA:50,5
DA:51,5
DA:52,5
DA:53,5
DA:54,5
DA:55,5
DA:56,5
DA:57,5
DA:58,5
DA:59,5
DA:60,5
DA:61,5
DA:62,5
DA:63,5
DA:64,5
DA:65,5
DA:66,5
DA:67,5
DA:68,5
DA:69,5
DA:70,5
DA:71,5
DA:72,5
DA:73,5
DA:74,5
DA:75,5
DA:76,5
DA:77,5
DA:78,5
DA:79,5
DA:80,5
DA:81,5
DA:82,5
DA:83,5
DA:84,5
DA:85,5
DA:86,5
DA:87,5
DA:88,5
DA:89,5
DA:90,5
DA:91,5
DA:92,5
DA:93,5
DA:94,5
DA:95,5
DA:96,5
DA:97,5
DA:98,5
DA:99,3
DA:100,3
DA:101,2
DA:102,2
DA:103,2
LF:103
LH:103
BRDA:15,0,0,5
BRDA:64,1,0,0
BRDA:98,2,0,3
BRDA:100,3,0,2
BRDA:89,4,0,1
BRF:5
BRH:4
end_of_record
TN:
SF:src/components/contents/Contents.tsx
FN:4,Contents
FNF:1
FNH:1
FNDA:2,Contents
DA:1,1
DA:2,1
DA:3,1
DA:4,1
DA:5,2
DA:6,2
DA:7,2
DA:8,2
DA:9,2
DA:10,2
DA:11,2
DA:12,2
DA:13,2
DA:14,2
DA:15,2
DA:16,2
DA:17,2
DA:18,2
DA:19,2
DA:20,2
DA:21,2
DA:22,2
DA:23,2
DA:24,2
DA:25,2
DA:26,2
LF:26
LH:26
BRDA:4,0,0,2
BRF:1
BRH:1
end_of_record
TN:
SF:src/components/date-box/DateBox.tsx
FN:6,DateBox
FNF:1
FNH:1
FNDA:7,DateBox
DA:1,1
DA:2,1
DA:3,1
DA:4,1
DA:5,1
DA:6,1
DA:7,7
DA:8,7
DA:9,7
DA:10,7
DA:11,7
DA:12,7
DA:13,7
DA:14,7
DA:15,7
DA:16,7
DA:17,7
DA:18,7
DA:19,7
DA:20,7
DA:21,7
DA:22,7
DA:23,7
DA:24,7
DA:25,7
DA:26,7
DA:27,7
DA:28,7
LF:28
LH:28
BRDA:6,0,0,7
BRDA:7,1,0,3
BRDA:7,2,0,4
BRDA:13,3,0,3
BRDA:13,4,0,1
BRDA:15,5,0,3
BRDA:17,6,0,3
BRDA:19,7,0,3
BRDA:11,8,0,28
BRF:9
BRH:9
end_of_record
TN:
SF:src/components/divider/Divider.tsx
FN:10,Divider
FN:25,scrollIntoView
FNF:2
FNH:2
FNDA:12,Divider
FNDA:1,scrollIntoView
DA:1,1
DA:2,1
DA:3,1
DA:4,1
DA:5,1
DA:6,1
DA:7,1
DA:8,1
DA:9,1
DA:10,1
DA:11,12
DA:12,12
DA:13,12
DA:14,12
DA:15,6
DA:16,1
DA:17,1
DA:18,5
DA:19,5
DA:20,12
DA:21,12
DA:22,12
DA:23,12
DA:24,12
DA:25,12
DA:26,1
DA:27,1
DA:28,1
DA:29,1
DA:30,12
DA:31,12
DA:32,12
DA:33,12
DA:34,12
DA:35,12
DA:36,12
DA:37,12
DA:38,12
DA:39,12
DA:40,12
DA:41,12
DA:42,12
LF:42
LH:42
BRDA:10,0,0,12
BRDA:33,1,0,2
BRDA:33,2,0,9
BRDA:35,3,0,9
BRDA:36,4,0,2
BRDA:14,5,0,6
BRDA:15,6,0,1
BRDA:15,7,0,1
BRDA:17,8,0,5
BRDA:25,9,0,1
BRF:10
BRH:10
end_of_record
TN:
SF:src/components/divider/useSetDividerTop.ts
FN:4,useSetDividerTop
FNF:1
FNH:0
FNDA:0,useSetDividerTop
DA:1,1
DA:2,1
DA:3,1
DA:4,1
DA:5,0
DA:6,0
DA:7,0
DA:8,0
DA:9,0
DA:10,0
DA:11,0
DA:12,0
DA:13,0
LF:13
LH:4
BRF:0
BRH:0
end_of_record
TN:
SF:src/components/fet-image/FETImage.tsx
FN:10,FETImage
FN:14,onImageLoad
FNF:2
FNH:2
FNDA:5,FETImage
FNDA:1,onImageLoad
DA:1,1
DA:2,1
DA:3,1
DA:4,1
DA:5,1
DA:6,1
DA:7,1
DA:8,1
DA:9,1
DA:10,1
DA:11,5
DA:12,5
DA:13,5
DA:14,5
DA:15,1
DA:16,1
DA:17,1
DA:18,1
DA:19,1
DA:20,1
DA:21,5
DA:22,5
DA:23,5
DA:24,5
DA:25,5
DA:26,5
DA:27,5
DA:28,5
DA:29,5
DA:30,5
DA:31,5
DA:32,5
DA:33,5
DA:34,5
DA:35,5
LF:35
LH:35
BRDA:10,0,0,5
BRDA:28,1,0,1
BRDA:28,2,0,4
BRDA:30,3,0,1
BRDA:30,4,0,4
BRDA:14,5,0,1
BRDA:15,6,0,0
BRF:7
BRH:6
end_of_record
TN:
SF:src/components/fet-map/FETMap.tsx
FN:17,FETMap
FN:37,closeModalCallback
FN:56,onClick
FN:68,onClick
FNF:4
FNH:3
FNDA:14,FETMap
FNDA:0,closeModalCallback
FNDA:1,onClick
FNDA:1,onClick
DA:1,1
DA:2,1
DA:3,1
DA:4,1
DA:5,1
DA:6,1
DA:7,1
DA:8,1
DA:9,1
DA:10,1
DA:11,1
DA:12,1
DA:13,1
DA:14,1
DA:15,1
DA:16,1
DA:17,1
DA:18,14
DA:19,14
DA:20,14
DA:21,14
DA:22,14
DA:23,14
DA:24,14
DA:25,4
DA:26,14
DA:27,14
DA:28,14
DA:29,8
DA:30,4
DA:31,4
DA:32,14
DA:33,14
DA:34,14
DA:35,14
DA:36,14
DA:37,14
DA:38,14
DA:39,14
DA:40,14
DA:41,14
DA:42,14
DA:43,14
DA:44,14
DA:45,14
DA:46,14
DA:47,14
DA:48,14
DA:49,14
DA:50,14
DA:51,14
DA:52,14
DA:53,14
DA:54,14
DA:55,14
DA:56,14
DA:57,1
DA:58,1
DA:59,1
DA:60,14
DA:61,14
DA:62,14
DA:63,14
DA:64,14
DA:65,14
DA:66,14
DA:67,14
DA:68,14
DA:69,1
DA:70,1
DA:71,1
DA:72,14
DA:73,14
DA:74,14
DA:75,14
DA:76,14
DA:77,14
DA:78,14
DA:79,14
DA:80,14
DA:81,14
DA:82,14
DA:83,14
DA:84,14
DA:85,14
LF:85
LH:85
BRDA:17,0,0,14
BRDA:22,1,0,0
BRDA:44,2,0,13
BRDA:44,3,0,1
BRDA:62,4,0,13
BRDA:62,5,0,1
BRDA:24,6,0,4
BRDA:28,7,0,8
BRDA:29,8,0,4
BRDA:56,9,0,1
BRDA:58,10,0,1
BRDA:68,11,0,1
BRDA:70,12,0,1
BRF:13
BRH:12
end_of_record
TN:
SF:src/components/footer/Footer.tsx
FN:10,Footer
FNF:1
FNH:1
FNDA:3,Footer
DA:1,1
DA:2,1
DA:3,1
DA:4,1
DA:5,1
DA:6,1
DA:7,1
DA:8,1
DA:9,1
DA:10,1
DA:11,3
DA:12,3
DA:13,3
DA:14,3
DA:15,3
DA:16,3
DA:17,3
DA:18,3
DA:19,3
DA:20,3
LF:20
LH:20
BRDA:10,0,0,3
BRDA:11,1,0,1
BRDA:15,2,0,6
BRF:3
BRH:3
end_of_record
TN:
SF:src/components/gpx-chart/GpxChart.options.ts
FN:9,getOrientation
FN:81,determineOrientation
FN:96,isBelowMinimalPoiDistance
FN:98,splitPoiNames
FN:106,getChartDimensions
FN:122,getTextGroupColor
FNF:6
FNH:1
FNDA:0,getOrientation
FNDA:0,determineOrientation
FNDA:0,isBelowMinimalPoiDistance
FNDA:0,splitPoiNames
FNDA:3,getChartDimensions
FNDA:0,getTextGroupColor
DA:1,1
DA:2,1
DA:3,1
DA:4,1
DA:5,1
DA:6,1
DA:7,1
DA:8,1
DA:9,1
DA:10,0
DA:11,0
DA:12,0
DA:13,0
DA:14,0
DA:15,0
DA:16,0
DA:17,0
DA:18,0
DA:19,0
DA:20,0
DA:21,0
DA:22,0
DA:23,0
DA:24,0
DA:25,0
DA:26,0
DA:27,0
DA:28,0
DA:29,0
DA:30,0
DA:31,0
DA:32,0
DA:33,0
DA:34,0
DA:35,0
DA:36,0
DA:37,0
DA:38,0
DA:39,0
DA:40,0
DA:41,0
DA:42,0
DA:43,0
DA:44,0
DA:45,0
DA:46,0
DA:47,0
DA:48,0
DA:49,0
DA:50,0
DA:51,0
DA:52,0
DA:53,0
DA:54,0
DA:55,0
DA:56,0
DA:57,0
DA:58,0
DA:59,0
DA:60,0
DA:61,0
DA:62,0
DA:63,0
DA:64,0
DA:65,0
DA:66,0
DA:67,0
DA:68,0
DA:69,0
DA:70,0
DA:71,0
DA:72,0
DA:73,0
DA:74,0
DA:75,0
DA:76,0
DA:77,0
DA:78,0
DA:79,0
DA:80,1
DA:81,1
DA:82,0
DA:83,0
DA:84,0
DA:85,0
DA:86,0
DA:87,0
DA:88,0
DA:89,0
DA:90,0
DA:91,0
DA:92,0
DA:93,0
DA:94,0
DA:95,1
DA:96,1
DA:97,1
DA:98,1
DA:99,0
DA:100,0
DA:101,0
DA:102,0
DA:103,0
DA:104,0
DA:105,1
DA:106,1
DA:107,3
DA:108,3
DA:109,3
DA:110,3
DA:111,3
DA:112,3
DA:113,3
DA:114,3
DA:115,3
DA:116,3
DA:117,3
DA:118,3
DA:119,3
DA:120,3
DA:121,1
DA:122,1
DA:123,0
DA:124,0
DA:125,0
DA:126,0
DA:127,0
DA:128,0
DA:129,0
DA:130,0
DA:131,0
LF:131
LH:33
BRDA:106,0,0,3
BRDA:119,1,0,0
BRF:2
BRH:1
end_of_record
TN:
SF:src/components/gpx-chart/GpxChart.tsx
FN:23,GPXChart
FNF:1
FNH:1
FNDA:3,GPXChart
DA:1,1
DA:2,1
DA:3,1
DA:4,1
DA:5,1
DA:6,1
DA:7,1
DA:8,1
DA:9,1
DA:10,1
DA:11,1
DA:12,1
DA:13,1
DA:14,1
DA:15,1
DA:16,1
DA:17,1
DA:18,1
DA:19,1
DA:20,1
DA:21,1
DA:22,1
DA:23,1
DA:24,3
DA:25,3
DA:26,3
DA:27,3
DA:28,3
DA:29,3
DA:30,3
DA:31,3
DA:32,3
DA:33,1
DA:34,1
DA:35,1
DA:36,1
DA:37,1
DA:38,1
DA:39,1
DA:40,1
DA:41,1
DA:42,1
DA:43,1
DA:44,1
DA:45,1
DA:46,1
DA:47,1
DA:48,1
DA:49,1
DA:50,1
DA:51,1
DA:52,1
DA:53,1
DA:54,1
DA:55,1
DA:56,1
DA:57,1
DA:58,1
DA:59,1
DA:60,1
DA:61,1
DA:62,1
DA:63,1
DA:64,1
DA:65,1
DA:66,1
DA:67,1
DA:68,1
DA:69,1
DA:70,1
DA:71,1
DA:72,1
DA:73,1
DA:74,1
DA:75,1
DA:76,1
DA:77,1
DA:78,1
DA:79,1
DA:80,1
DA:81,1
DA:82,1
DA:83,1
DA:84,1
DA:85,1
DA:86,1
DA:87,1
DA:88,1
DA:89,1
DA:90,1
DA:91,1
DA:92,1
DA:93,1
DA:94,1
DA:95,1
DA:96,1
DA:97,1
DA:98,1
DA:99,1
DA:100,1
DA:101,1
DA:102,1
DA:103,1
DA:104,1
DA:105,1
DA:106,1
DA:107,1
DA:108,1
DA:109,1
DA:110,1
DA:111,1
DA:112,1
DA:113,1
DA:114,1
DA:115,1
DA:116,0
DA:117,0
DA:118,0
DA:119,0
DA:120,0
DA:121,0
DA:122,0
DA:123,0
DA:124,0
DA:125,0
DA:126,0
DA:127,0
DA:128,0
DA:129,0
DA:130,0
DA:131,0
DA:132,0
DA:133,0
DA:134,0
DA:135,1
DA:136,0
DA:137,0
DA:138,0
DA:139,1
DA:140,1
DA:141,1
DA:142,1
DA:143,1
DA:144,1
DA:145,0
DA:146,0
DA:147,0
DA:148,0
DA:149,0
DA:150,0
DA:151,0
DA:152,0
DA:153,0
DA:154,0
DA:155,0
DA:156,0
DA:157,0
DA:158,0
DA:159,0
DA:160,0
DA:161,0
DA:162,0
DA:163,0
DA:164,0
DA:165,0
DA:166,0
DA:167,0
DA:168,0
DA:169,0
DA:170,0
DA:171,0
DA:172,0
DA:173,0
DA:174,0
DA:175,0
DA:176,0
DA:177,0
DA:178,0
DA:179,0
DA:180,0
DA:181,0
DA:182,0
DA:183,0
DA:184,0
DA:185,0
DA:186,0
DA:187,0
DA:188,0
DA:189,0
DA:190,0
DA:191,0
DA:192,0
DA:193,0
DA:194,0
DA:195,0
DA:196,0
DA:197,0
DA:198,0
DA:199,0
DA:200,0
DA:201,0
DA:202,0
DA:203,0
DA:204,0
DA:205,0
DA:206,0
DA:207,0
DA:208,0
DA:209,0
DA:210,0
DA:211,0
DA:212,0
DA:213,0
DA:214,0
DA:215,0
DA:216,0
DA:217,0
DA:218,0
DA:219,0
DA:220,0
DA:221,0
DA:222,0
DA:223,0
DA:224,0
DA:225,0
DA:226,0
DA:227,3
DA:228,3
DA:229,3
DA:230,3
DA:231,3
DA:232,3
DA:233,1
DA:234,1
DA:235,1
DA:236,1
DA:237,3
DA:238,3
DA:239,3
DA:240,3
DA:241,3
DA:242,3
DA:243,3
DA:244,3
DA:245,3
DA:246,3
DA:247,3
DA:248,3
DA:249,3
LF:249
LH:145
BRDA:23,0,0,3
BRDA:25,1,0,1
BRDA:230,2,0,0
BRDA:232,3,0,1
BRDA:31,4,0,3
BRDA:32,5,0,1
BRDA:32,6,0,2
BRDA:32,7,0,1
BRDA:143,8,0,3
BRF:9
BRH:8
end_of_record
TN:
SF:src/components/graph-tooltip/GraphTooltip.tsx
FN:6,GraphTooltip
FNF:1
FNH:1
FNDA:3,GraphTooltip
DA:1,1
DA:2,1
DA:3,1
DA:4,1
DA:5,1
DA:6,1
DA:7,3
DA:8,3
DA:9,3
DA:10,3
DA:11,3
DA:12,3
DA:13,3
DA:14,3
DA:15,3
DA:16,3
DA:17,3
DA:18,3
DA:19,3
DA:20,3
DA:21,3
DA:22,3
DA:23,3
LF:23
LH:23
BRDA:6,0,0,3
BRF:1
BRH:1
end_of_record
TN:
SF:src/components/icons/Icons.tsx
FN:3,Logo
FN:45,LogoCursor
FN:69,Error
FNF:3
FNH:3
FNDA:3,Logo
FNDA:19,LogoCursor
FNDA:3,Error
DA:1,1
DA:2,1
DA:3,1
DA:4,3
DA:5,3
DA:6,3
DA:7,3
DA:8,3
DA:9,3
DA:10,3
DA:11,3
DA:12,3
DA:13,3
DA:14,3
DA:15,3
DA:16,3
DA:17,3
DA:18,3
DA:19,3
DA:20,3
DA:21,3
DA:22,3
DA:23,3
DA:24,3
DA:25,3
DA:26,3
DA:27,3
DA:28,3
DA:29,3
DA:30,3
DA:31,3
DA:32,3
DA:33,3
DA:34,3
DA:35,3
DA:36,3
DA:37,3
DA:38,3
DA:39,3
DA:40,3
DA:41,3
DA:42,3
DA:43,3
DA:44,1
DA:45,1
DA:46,19
DA:47,19
DA:48,19
DA:49,19
DA:50,19
DA:51,19
DA:52,19
DA:53,19
DA:54,19
DA:55,19
DA:56,19
DA:57,19
DA:58,19
DA:59,19
DA:60,19
DA:61,19
DA:62,19
DA:63,19
DA:64,19
DA:65,19
DA:66,19
DA:67,19
DA:68,1
DA:69,1
DA:70,3
DA:71,3
DA:72,3
DA:73,3
DA:74,3
DA:75,3
DA:76,3
DA:77,3
DA:78,3
DA:79,3
DA:80,3
DA:81,3
DA:82,3
DA:83,3
DA:84,3
DA:85,3
DA:86,3
DA:87,3
DA:88,3
DA:89,3
DA:90,3
DA:91,3
DA:92,3
DA:93,3
DA:94,3
DA:95,3
DA:96,3
DA:97,3
DA:98,3
DA:99,3
DA:100,3
DA:101,3
DA:102,3
DA:103,3
DA:104,3
DA:105,3
DA:106,3
DA:107,3
DA:108,3
DA:109,3
DA:110,3
DA:111,3
DA:112,3
DA:113,3
DA:114,3
DA:115,3
DA:116,3
DA:117,3
DA:118,3
DA:119,3
DA:120,3
DA:121,3
DA:122,3
DA:123,3
DA:124,3
DA:125,3
DA:126,3
DA:127,3
DA:128,3
DA:129,3
DA:130,3
DA:131,3
DA:132,3
DA:133,3
DA:134,3
LF:134
LH:134
BRDA:3,0,0,3
BRDA:45,1,0,19
BRDA:69,2,0,3
BRF:3
BRH:3
end_of_record
TN:
SF:src/components/jump-to-top-button/JumpToTopButton.tsx
FN:11,JumpToTopButton
FN:22,scrollToTop
FNF:2
FNH:2
FNDA:7,JumpToTopButton
FNDA:2,scrollToTop
DA:1,1
DA:2,1
DA:3,1
DA:4,1
DA:5,1
DA:6,1
DA:7,1
DA:8,1
DA:9,1
DA:10,1
DA:11,1
DA:12,7
DA:13,7
DA:14,7
DA:15,7
DA:16,7
DA:17,4
DA:18,2
DA:19,2
DA:20,7
DA:21,7
DA:22,7
DA:23,2
DA:24,1
DA:25,1
DA:26,1
DA:27,2
DA:28,2
DA:29,2
DA:30,7
DA:31,7
DA:32,7
DA:33,7
DA:34,7
DA:35,7
DA:36,7
LF:36
LH:36
BRDA:11,0,0,7
BRDA:32,1,0,2
BRDA:16,2,0,4
BRDA:17,3,0,2
BRDA:22,4,0,2
BRDA:23,5,0,1
BRDA:28,6,0,1
BRF:7
BRH:7
end_of_record
TN:
SF:src/components/layout/Layout.tsx
FN:5,Layout
FNF:1
FNH:1
FNDA:5,Layout
DA:1,1
DA:2,1
DA:3,1
DA:4,1
DA:5,1
DA:6,5
DA:7,5
DA:8,5
DA:9,5
DA:10,5
DA:11,5
DA:12,5
DA:13,5
LF:13
LH:13
BRDA:5,0,0,5
BRF:1
BRH:1
end_of_record
TN:
SF:src/components/link/Link.tsx
FN:5,Link
FNF:1
FNH:1
FNDA:38,Link
DA:1,1
DA:2,1
DA:3,1
DA:4,1
DA:5,1
DA:6,38
DA:7,38
DA:8,38
DA:9,38
DA:10,38
DA:11,38
DA:12,38
DA:13,38
LF:13
LH:13
BRDA:5,0,0,38
BRF:1
BRH:1
end_of_record
TN:
SF:src/components/loader/Loader.tsx
FN:9,Loader
FNF:1
FNH:1
FNDA:18,Loader
DA:1,1
DA:2,1
DA:3,1
DA:4,1
DA:5,1
DA:6,1
DA:7,1
DA:8,1
DA:9,1
DA:10,18
DA:11,18
DA:12,18
DA:13,18
DA:14,18
DA:15,18
DA:16,18
DA:17,18
DA:18,18
DA:19,18
DA:20,16
DA:21,16
DA:22,9
DA:23,16
DA:24,7
DA:25,7
DA:26,18
DA:27,18
DA:28,18
DA:29,18
DA:30,18
DA:31,18
DA:32,18
DA:33,18
DA:34,18
DA:35,18
DA:36,18
LF:36
LH:36
BRDA:9,0,0,18
BRDA:13,1,0,0
BRDA:14,2,0,9
BRDA:15,3,0,2
BRDA:16,4,0,5
BRDA:30,5,0,1
BRDA:19,6,0,16
BRDA:20,7,0,6
BRDA:20,8,0,10
BRDA:21,9,0,9
BRDA:23,10,0,7
BRDA:22,11,0,2
BRDA:24,12,0,2
BRF:13
BRH:12
end_of_record
TN:
SF:src/components/mobile-menu/MobileMenu.tsx
FN:12,MobileMenu
FN:21,onClick
FN:27,onClick
FN:29,onClick
FN:35,onClickCallback
FN:44,toggleScrollLock
FNF:6
FNH:4
FNDA:9,MobileMenu
FNDA:3,onClick
FNDA:0,onClick
FNDA:2,onClick
FNDA:0,onClickCallback
FNDA:9,toggleScrollLock
DA:1,1
DA:2,1
DA:3,1
DA:4,1
DA:5,1
DA:6,1
DA:7,1
DA:8,1
DA:9,1
DA:10,1
DA:11,1
DA:12,1
DA:13,9
DA:14,9
DA:15,9
DA:16,9
DA:17,9
DA:18,9
DA:19,9
DA:20,9
DA:21,9
DA:22,9
DA:23,9
DA:24,9
DA:25,9
DA:26,9
DA:27,9
DA:28,9
DA:29,9
DA:30,9
DA:31,9
DA:32,9
DA:33,9
DA:34,9
DA:35,9
DA:36,9
DA:37,9
DA:38,9
DA:39,9
DA:40,9
DA:41,9
DA:42,9
DA:43,1
DA:44,9
DA:45,9
DA:46,3
DA:47,3
DA:48,9
DA:49,6
DA:50,6
DA:51,6
DA:52,9
LF:52
LH:52
BRDA:12,0,0,9
BRDA:15,1,0,9
BRDA:21,2,0,3
BRDA:29,3,0,2
BRDA:33,4,0,9
BRDA:34,5,0,6
BRDA:44,6,0,9
BRDA:45,7,0,3
BRDA:48,8,0,6
BRF:9
BRH:9
end_of_record
TN:
SF:src/components/mobile-menu/components/MobileMenuItem.tsx
FN:7,MobileMenuItem
FNF:1
FNH:1
FNDA:6,MobileMenuItem
DA:1,1
DA:2,1
DA:3,1
DA:4,1
DA:5,1
DA:6,1
DA:7,1
DA:8,6
DA:9,6
DA:10,6
DA:11,6
DA:12,6
DA:13,6
DA:14,6
DA:15,6
DA:16,6
DA:17,0
DA:18,0
DA:19,0
DA:20,0
DA:21,6
DA:22,6
DA:23,6
DA:24,6
DA:25,6
DA:26,6
DA:27,6
DA:28,6
LF:28
LH:24
BRDA:7,0,0,6
BRDA:8,1,0,0
BRDA:16,2,0,0
BRF:3
BRH:1
end_of_record
TN:
SF:src/components/modal/Modal.tsx
FN:11,Modal
FNF:1
FNH:1
FNDA:6,Modal
DA:1,1
DA:2,1
DA:3,1
DA:4,1
DA:5,1
DA:6,1
DA:7,1
DA:8,1
DA:9,1
DA:10,1
DA:11,1
DA:12,6
DA:13,6
DA:14,6
DA:15,6
DA:16,6
DA:17,6
DA:18,6
DA:19,6
DA:20,6
DA:21,6
DA:22,6
DA:23,6
DA:24,6
DA:25,6
DA:26,6
DA:27,6
DA:28,6
DA:29,6
DA:30,6
DA:31,6
DA:32,6
DA:33,6
LF:33
LH:33
BRDA:11,0,0,6
BRDA:27,1,0,3
BRDA:28,2,0,3
BRDA:28,3,0,3
BRDA:14,4,0,6
BRDA:18,5,0,6
BRF:6
BRH:6
end_of_record
TN:
SF:src/components/navbar/Navbar.tsx
FN:13,Navbar
FNF:1
FNH:1
FNDA:2,Navbar
DA:1,1
DA:2,1
DA:3,1
DA:4,1
DA:5,1
DA:6,1
DA:7,1
DA:8,1
DA:9,1
DA:10,1
DA:11,1
DA:12,1
DA:13,1
DA:14,2
DA:15,2
DA:16,2
DA:17,2
DA:18,2
DA:19,2
DA:20,2
DA:21,2
DA:22,2
DA:23,2
DA:24,2
DA:25,6
DA:26,6
DA:27,6
DA:28,6
DA:29,6
DA:30,6
DA:31,4
DA:32,4
DA:33,4
DA:34,4
DA:35,4
DA:36,6
DA:37,6
DA:38,6
DA:39,2
DA:40,2
DA:41,2
DA:42,2
DA:43,2
DA:44,2
DA:45,2
LF:45
LH:45
BRDA:13,0,0,2
BRDA:24,1,0,6
BRDA:25,2,0,2
BRDA:25,3,0,4
BRDA:26,4,0,1
BRDA:26,5,0,5
BRDA:29,6,0,2
BRDA:30,7,0,4
BRDA:31,8,0,2
BRDA:32,9,0,0
BRF:10
BRH:9
end_of_record
TN:
SF:src/components/paragraph/Paragraph.tsx
FN:9,Paragraph
FN:61,onClick
FNF:2
FNH:2
FNDA:3,Paragraph
FNDA:1,onClick
DA:1,1
DA:2,1
DA:3,1
DA:4,1
DA:5,1
DA:6,1
DA:7,1
DA:8,1
DA:9,1
DA:10,3
DA:11,3
DA:12,3
DA:13,3
DA:14,3
DA:15,6
DA:16,2
DA:17,2
DA:18,2
DA:19,2
DA:20,2
DA:21,6
DA:22,4
DA:23,0
DA:24,0
DA:25,0
DA:26,0
DA:27,0
DA:28,0
DA:29,0
DA:30,4
DA:31,4
DA:32,4
DA:33,4
DA:34,4
DA:35,4
DA:36,4
DA:37,4
DA:38,6
DA:39,3
DA:40,3
DA:41,1
DA:42,1
DA:43,3
DA:44,3
DA:45,3
DA:46,3
DA:47,3
DA:48,3
DA:49,3
DA:50,3
DA:51,3
DA:52,4
DA:53,3
DA:54,3
DA:55,3
DA:56,3
DA:57,1
DA:58,1
DA:59,1
DA:60,3
DA:61,3
DA:62,1
DA:63,1
DA:64,1
DA:65,1
DA:66,3
DA:67,3
DA:68,3
DA:69,3
DA:70,3
DA:71,1
DA:72,3
DA:73,3
DA:74,3
DA:75,3
DA:76,3
DA:77,4
DA:78,1
DA:79,1
DA:80,1
DA:81,1
DA:82,1
DA:83,1
DA:84,4
DA:85,3
DA:86,3
DA:87,3
DA:88,3
DA:89,3
LF:89
LH:82
BRDA:9,0,0,3
BRDA:40,1,0,1
BRDA:48,2,0,1
BRDA:14,3,0,6
BRDA:15,4,0,2
BRDA:15,5,0,2
BRDA:21,6,0,4
BRDA:22,7,0,0
BRDA:51,8,0,4
BRDA:52,9,0,3
BRDA:54,10,0,1
BRDA:56,11,0,1
BRDA:70,12,0,1
BRDA:77,13,0,1
BRDA:61,14,0,1
BRF:15
BRH:14
end_of_record
TN:
SF:src/components/post-card/PostCard.tsx
FN:16,PostCard
FN:31,getPostCardSubtitles
FN:56,onError
FN:74,onError
FNF:4
FNH:2
FNDA:3,PostCard
FNDA:6,getPostCardSubtitles
FNDA:0,onError
FNDA:0,onError
DA:1,1
DA:2,1
DA:3,1
DA:4,1
DA:5,1
DA:6,1
DA:7,1
DA:8,1
DA:9,1
DA:10,1
DA:11,1
DA:12,1
DA:13,1
DA:14,1
DA:15,1
DA:16,1
DA:17,3
DA:18,3
DA:19,3
DA:20,3
DA:21,3
DA:22,3
DA:23,3
DA:24,3
DA:25,3
DA:26,3
DA:27,3
DA:28,3
DA:29,3
DA:30,3
DA:31,3
DA:32,6
DA:33,6
DA:34,6
DA:35,6
DA:36,6
DA:37,6
DA:38,6
DA:39,6
DA:40,6
DA:41,6
DA:42,3
DA:43,3
DA:44,3
DA:45,3
DA:46,3
DA:47,3
DA:48,3
DA:49,3
DA:50,3
DA:51,3
DA:52,3
DA:53,3
DA:54,3
DA:55,3
DA:56,3
DA:57,3
DA:58,3
DA:59,3
DA:60,3
DA:61,3
DA:62,3
DA:63,3
DA:64,3
DA:65,3
DA:66,3
DA:67,3
DA:68,3
DA:69,3
DA:70,3
DA:71,3
DA:72,3
DA:73,3
DA:74,3
DA:75,3
DA:76,3
DA:77,3
DA:78,3
DA:79,3
DA:80,3
DA:81,3
DA:82,3
DA:83,3
DA:84,3
DA:85,2
DA:86,2
DA:87,1
DA:88,1
DA:89,1
LF:89
LH:89
BRDA:16,0,0,3
BRDA:84,1,0,2
BRDA:86,2,0,1
BRDA:31,3,0,6
BRF:4
BRH:4
end_of_record
TN:
SF:src/components/post-images/PostImages.tsx
FN:17,PostImages
FN:20,copy
FN:27,openVisualModal
FN:42,onClick
FN:106,closeModalCallback
FNF:5
FNH:3
FNDA:3,PostImages
FNDA:0,copy
FNDA:1,openVisualModal
FNDA:1,onClick
FNDA:0,closeModalCallback
DA:1,1
DA:2,1
DA:3,1
DA:4,1
DA:5,1
DA:6,1
DA:7,1
DA:8,1
DA:9,1
DA:10,1
DA:11,1
DA:12,1
DA:13,1
DA:14,1
DA:15,1
DA:16,1
DA:17,1
DA:18,3
DA:19,3
DA:20,3
DA:21,0
DA:22,0
DA:23,3
DA:24,3
DA:25,3
DA:26,3
DA:27,3
DA:28,1
DA:29,1
DA:30,1
DA:31,3
DA:32,3
DA:33,3
DA:34,3
DA:35,3
DA:36,3
DA:37,4
DA:38,4
DA:39,4
DA:40,4
DA:41,4
DA:42,4
DA:43,4
DA:44,4
DA:45,4
DA:46,4
DA:47,4
DA:48,4
DA:49,4
DA:50,4
DA:51,4
DA:52,4
DA:53,4
DA:54,4
DA:55,4
DA:56,4
DA:57,4
DA:58,4
DA:59,4
DA:60,4
DA:61,3
DA:62,3
DA:63,4
DA:64,4
DA:65,4
DA:66,4
DA:67,4
DA:68,4
DA:69,4
DA:70,4
DA:71,4
DA:72,4
DA:73,4
DA:74,4
DA:75,4
DA:76,4
DA:77,4
DA:78,4
DA:79,4
DA:80,4
DA:81,4
DA:82,4
DA:83,4
DA:84,4
DA:85,4
DA:86,4
DA:87,4
DA:88,4
DA:89,4
DA:90,4
DA:91,4
DA:92,3
DA:93,3
DA:94,3
DA:95,3
DA:96,3
DA:97,3
DA:98,3
DA:99,3
DA:100,3
DA:101,3
DA:102,3
DA:103,3
DA:104,3
DA:105,3
DA:106,3
DA:107,3
DA:108,3
DA:109,3
DA:110,3
DA:111,3
DA:112,3
DA:113,3
DA:114,3
LF:114
LH:112
BRDA:17,0,0,3
BRDA:100,1,0,0
BRDA:27,2,0,1
BRDA:32,3,0,4
BRDA:36,4,0,4
BRDA:37,5,0,1
BRDA:37,6,0,3
BRDA:38,7,0,1
BRDA:38,8,0,3
BRDA:42,9,0,1
BRDA:62,10,0,4
BRDA:63,11,0,1
BRDA:63,12,0,3
BRDA:64,13,0,1
BRDA:64,14,0,3
BRF:15
BRH:14
end_of_record
TN:
SF:src/components/route-scheme/RouteSchemeContainer.tsx
FN:13,RouteSchemeContainer
FNF:1
FNH:1
FNDA:3,RouteSchemeContainer
DA:1,1
DA:2,1
DA:3,1
DA:4,1
DA:5,1
DA:6,1
DA:7,1
DA:8,1
DA:9,1
DA:10,1
DA:11,1
DA:12,1
DA:13,1
DA:14,3
DA:15,3
DA:16,3
DA:17,3
DA:18,3
DA:19,3
DA:20,1
DA:21,1
DA:22,1
DA:23,1
DA:24,3
DA:25,3
DA:26,3
DA:27,3
DA:28,3
DA:29,1
DA:30,1
LF:30
LH:30
BRDA:13,0,0,3
BRDA:19,1,0,1
BRDA:24,2,0,1
BRDA:24,3,0,1
BRDA:24,4,0,1
BRDA:24,5,0,1
BRF:6
BRH:6
end_of_record
TN:
SF:src/components/search-bar/SearchBar.tsx
FN:7,SearchBar
FNF:1
FNH:1
FNDA:2,SearchBar
DA:1,1
DA:2,1
DA:3,1
DA:4,1
DA:5,1
DA:6,1
DA:7,1
DA:8,2
DA:9,2
DA:10,2
DA:11,2
DA:12,2
DA:13,2
LF:13
LH:13
BRDA:7,0,0,2
BRF:1
BRH:1
end_of_record
TN:
SF:src/components/search-input/SearchInput.tsx
FN:10,SearchInput
FN:13,setValue
FN:27,onKeyDown
FNF:3
FNH:3
FNDA:4,SearchInput
FNDA:2,setValue
FNDA:1,onKeyDown
DA:1,1
DA:2,1
DA:3,1
DA:4,1
DA:5,1
DA:6,1
DA:7,1
DA:8,1
DA:9,1
DA:10,1
DA:11,4
DA:12,4
DA:13,4
DA:14,2
DA:15,2
DA:16,2
DA:17,4
DA:18,4
DA:19,4
DA:20,4
DA:21,4
DA:22,4
DA:23,4
DA:24,4
DA:25,4
DA:26,4
DA:27,4
DA:28,1
DA:29,1
DA:30,1
DA:31,1
DA:32,4
DA:33,4
DA:34,4
DA:35,4
DA:36,4
DA:37,4
DA:38,4
LF:38
LH:38
BRDA:10,0,0,4
BRDA:18,1,0,1
BRDA:13,2,0,2
BRDA:14,3,0,0
BRDA:27,4,0,1
BRF:5
BRH:4
end_of_record
TN:
SF:src/components/sections/about/rating-section/RatingSection.tsx
FN:9,RatingSection
FNF:1
FNH:1
FNDA:1,RatingSection
DA:1,1
DA:2,1
DA:3,1
DA:4,1
DA:5,1
DA:6,1
DA:7,1
DA:8,1
DA:9,1
DA:10,1
DA:11,1
DA:12,1
DA:13,1
DA:14,1
DA:15,1
DA:16,1
DA:17,1
DA:18,1
DA:19,1
DA:20,1
DA:21,1
DA:22,1
DA:23,1
DA:24,1
DA:25,1
DA:26,1
DA:27,1
DA:28,1
DA:29,1
DA:30,1
DA:31,1
DA:32,1
DA:33,1
DA:34,1
DA:35,1
DA:36,1
DA:37,1
DA:38,1
DA:39,1
DA:40,1
DA:41,1
DA:42,1
DA:43,1
DA:44,1
DA:45,1
DA:46,1
DA:47,1
DA:48,1
DA:49,1
DA:50,1
DA:51,1
DA:52,1
DA:53,1
DA:54,1
DA:55,1
DA:56,1
DA:57,1
DA:58,1
DA:59,1
DA:60,1
DA:61,1
DA:62,1
DA:63,1
DA:64,1
DA:65,1
DA:66,1
DA:67,1
DA:68,1
DA:69,1
DA:70,1
DA:71,1
DA:72,1
DA:73,1
DA:74,1
DA:75,1
LF:75
LH:75
BRDA:9,0,0,1
BRF:1
BRH:1
end_of_record
TN:
SF:src/components/star-rate/StarRate.tsx
FN:10,StarRate
FN:11,getInitialStarBlueprint
FN:15,getFinalStarBlueprint
FNF:3
FNH:3
FNDA:6,StarRate
FNDA:6,getInitialStarBlueprint
FNDA:2,getFinalStarBlueprint
DA:1,1
DA:2,1
DA:3,1
DA:4,1
DA:5,1
DA:6,1
DA:7,1
DA:8,1
DA:9,1
DA:10,1
DA:11,6
DA:12,6
DA:13,6
DA:14,6
DA:15,6
DA:16,2
DA:17,2
DA:18,2
DA:19,2
DA:20,9
DA:21,1
DA:22,9
DA:23,8
DA:24,8
DA:25,9
DA:26,9
DA:27,9
DA:28,2
DA:29,2
DA:30,1
DA:31,1
DA:32,2
DA:33,2
DA:34,2
DA:35,6
DA:36,6
DA:37,6
DA:38,6
DA:39,6
DA:40,6
DA:41,2
DA:42,2
DA:43,6
DA:44,6
DA:45,6
DA:46,4
DA:47,1
DA:48,1
DA:49,1
DA:50,3
DA:51,3
DA:52,3
DA:53,2
DA:54,2
DA:55,3
DA:56,3
DA:57,3
DA:58,6
DA:59,6
DA:60,6
DA:61,6
DA:62,6
DA:63,6
DA:64,6
DA:65,6
DA:66,6
DA:67,6
DA:68,6
LF:68
LH:68
BRDA:10,0,0,6
BRDA:11,1,0,6
BRDA:15,2,0,2
BRDA:19,3,0,9
BRDA:20,4,0,1
BRDA:22,5,0,8
BRDA:29,6,0,1
BRDA:36,7,0,2
BRDA:37,8,0,2
BRDA:40,9,0,2
BRDA:45,10,0,4
BRDA:46,11,0,1
BRDA:49,12,0,3
BRDA:52,13,0,2
BRDA:54,14,0,2
BRDA:56,15,0,3
BRDA:62,16,0,30
BRDA:63,17,0,23
BRDA:63,18,0,7
BRDA:63,19,0,1
BRDA:63,20,0,6
BRF:21
BRH:21
end_of_record
TN:
SF:src/components/support/landscape-only/LandscapeOnly.tsx
FN:5,LandscapeOnly
FNF:1
FNH:1
FNDA:3,LandscapeOnly
DA:1,1
DA:2,1
DA:3,1
DA:4,1
DA:5,1
DA:6,3
DA:7,3
DA:8,3
DA:9,3
DA:10,3
DA:11,3
DA:12,3
DA:13,3
LF:13
LH:13
BRDA:5,0,0,3
BRF:1
BRH:1
end_of_record
TN:
SF:src/components/tab/Tab.tsx
FN:8,Tab
FN:11,open
FN:12,close
FNF:3
FNH:3
FNDA:8,Tab
FNDA:2,open
FNDA:1,close
DA:1,1
DA:2,1
DA:3,1
DA:4,1
DA:5,1
DA:6,1
DA:7,1
DA:8,1
DA:9,8
DA:10,8
DA:11,8
DA:12,8
DA:13,8
DA:14,8
DA:15,8
DA:16,8
DA:17,8
DA:18,8
DA:19,8
DA:20,8
DA:21,8
DA:22,8
DA:23,8
DA:24,8
LF:24
LH:24
BRDA:8,0,0,8
BRDA:14,1,0,2
BRDA:11,2,0,2
BRDA:12,3,0,1
BRDA:12,4,0,1
BRF:5
BRH:5
end_of_record
TN:
SF:src/components/table-data/TableData.tsx
FN:11,TableData
FNF:1
FNH:1
FNDA:1,TableData
DA:1,1
DA:2,1
DA:3,1
DA:4,1
DA:5,1
DA:6,1
DA:7,1
DA:8,1
DA:9,1
DA:10,1
DA:11,1
DA:12,1
DA:13,1
DA:14,1
DA:15,1
DA:16,1
DA:17,1
DA:18,1
DA:19,1
DA:20,1
DA:21,1
DA:22,1
DA:23,1
DA:24,1
DA:25,1
DA:26,1
DA:27,1
DA:28,1
DA:29,1
DA:30,1
DA:31,1
DA:32,1
DA:33,1
DA:34,1
DA:35,1
DA:36,1
DA:37,1
DA:38,1
DA:39,1
DA:40,1
DA:41,1
DA:42,1
DA:43,1
DA:44,1
DA:45,1
DA:46,1
DA:47,1
DA:48,1
DA:49,1
DA:50,1
DA:51,1
DA:52,1
DA:53,1
DA:54,1
DA:55,1
LF:55
LH:55
BRDA:11,0,0,1
BRF:1
BRH:1
end_of_record
TN:
SF:src/components/templates/PostTemplate.tsx
FN:14,PostTemplate
FNF:1
FNH:1
FNDA:5,PostTemplate
DA:1,1
DA:2,1
DA:3,1
DA:4,1
DA:5,1
DA:6,1
DA:7,1
DA:8,1
DA:9,1
DA:10,1
DA:11,1
DA:12,1
DA:13,1
DA:14,1
DA:15,5
DA:16,5
DA:17,5
DA:18,5
DA:19,5
DA:20,5
DA:21,5
DA:22,5
DA:23,5
DA:24,5
DA:25,5
DA:26,5
DA:27,5
DA:28,5
DA:29,5
DA:30,5
DA:31,5
DA:32,5
DA:33,5
DA:34,5
DA:35,5
DA:36,5
DA:37,5
DA:38,5
DA:39,5
DA:40,5
DA:41,5
DA:42,5
DA:43,5
DA:44,5
DA:45,5
DA:46,5
DA:47,5
DA:48,5
DA:49,5
DA:50,5
DA:51,5
DA:52,5
DA:53,5
DA:54,5
DA:55,5
DA:56,5
DA:57,5
DA:58,5
DA:59,5
DA:60,5
DA:61,5
DA:62,5
DA:63,5
DA:64,5
DA:65,5
DA:66,5
DA:67,5
DA:68,5
DA:69,5
DA:70,5
DA:71,1
DA:72,5
DA:73,5
DA:74,5
DA:75,5
DA:76,5
DA:77,5
DA:78,5
LF:78
LH:78
BRDA:14,0,0,5
BRDA:18,1,0,1
BRDA:18,2,0,4
BRDA:18,3,0,1
BRDA:18,4,0,1
BRDA:18,5,0,4
BRDA:19,6,0,1
BRDA:19,7,0,1
BRDA:19,8,0,4
BRDA:20,9,0,1
BRDA:34,10,0,4
BRDA:42,11,0,3
BRDA:42,12,0,2
BRDA:42,13,0,1
BRDA:45,14,0,3
BRDA:46,15,0,3
BRDA:49,16,0,4
BRDA:49,17,0,1
BRDA:49,18,0,0
BRDA:49,19,0,1
BRDA:49,20,0,0
BRDA:49,21,0,1
BRDA:49,22,0,0
BRDA:49,23,0,1
BRDA:49,24,0,0
BRDA:49,25,0,1
BRDA:49,26,0,0
BRDA:64,27,0,4
BRDA:64,28,0,4
BRDA:64,29,0,1
BRDA:65,30,0,2
BRDA:65,31,0,1
BRDA:37,32,0,4
BRDA:70,33,0,1
BRF:34
BRH:29
end_of_record
TN:
SF:src/components/trip-notes/TripNotes.tsx
FN:6,TripNotes
FNF:1
FNH:1
FNDA:1,TripNotes
DA:1,1
DA:2,1
DA:3,1
DA:4,1
DA:5,1
DA:6,1
DA:7,1
DA:8,1
DA:9,1
DA:10,1
DA:11,1
DA:12,1
DA:13,1
DA:14,1
DA:15,1
DA:16,1
DA:17,1
DA:18,1
LF:18
LH:18
BRDA:6,0,0,1
BRF:1
BRH:1
end_of_record
TN:
SF:src/components/trip-sections/TripSections.tsx
FN:11,TripSections
FNF:1
FNH:1
FNDA:3,TripSections
DA:1,1
DA:2,1
DA:3,1
DA:4,1
DA:5,1
DA:6,1
DA:7,1
DA:8,1
DA:9,1
DA:10,1
DA:11,1
DA:12,3
DA:13,3
DA:14,3
DA:15,3
DA:16,3
DA:17,3
DA:18,3
DA:19,3
DA:20,3
DA:21,3
DA:22,3
DA:23,6
DA:24,6
DA:25,6
DA:26,6
DA:27,6
DA:28,6
DA:29,6
DA:30,6
DA:31,6
DA:32,6
DA:33,6
DA:34,6
DA:35,6
DA:36,6
DA:37,6
DA:38,6
DA:39,6
DA:40,3
DA:41,3
DA:42,3
LF:42
LH:42
BRDA:11,0,0,3
BRDA:17,1,0,2
BRDA:17,2,0,1
BRDA:22,3,0,6
BRDA:30,4,0,1
BRDA:30,5,0,5
BRF:6
BRH:6
end_of_record
TN:
SF:src/components/yt-iframe/YoutubeIframe.tsx
FN:6,YoutubeIframe
FNF:1
FNH:1
FNDA:1,YoutubeIframe
DA:1,1
DA:2,1
DA:3,1
DA:4,1
DA:5,1
DA:6,1
DA:7,1
DA:8,1
DA:9,1
DA:10,1
DA:11,1
DA:12,1
DA:13,1
DA:14,1
DA:15,1
DA:16,1
DA:17,1
DA:18,1
DA:19,1
DA:20,1
DA:21,1
LF:21
LH:21
BRDA:6,0,0,1
BRF:1
BRH:1
end_of_record
TN:
SF:src/context/global/GlobalContextController.tsx
FN:14,GlobalContextController
FNF:1
FNH:0
FNDA:0,GlobalContextController
DA:1,1
DA:2,1
DA:3,1
DA:4,1
DA:5,1
DA:6,1
DA:7,1
DA:8,1
DA:9,1
DA:10,1
DA:11,1
DA:12,1
DA:13,1
DA:14,1
DA:15,0
DA:16,0
DA:17,0
DA:18,0
DA:19,0
LF:19
LH:14
BRF:0
BRH:0
end_of_record
TN:
SF:src/enums/categories.ts
FNF:0
FNH:0
DA:1,1
DA:2,1
DA:3,1
DA:4,1
DA:5,1
DA:6,1
DA:7,1
DA:8,1
DA:9,1
DA:10,1
DA:11,1
DA:12,1
DA:13,1
DA:14,1
DA:15,1
DA:16,1
DA:17,1
DA:18,1
DA:19,1
DA:20,1
DA:21,1
DA:22,1
DA:23,1
DA:24,1
DA:25,1
DA:26,1
DA:27,1
DA:28,1
DA:29,1
DA:30,1
DA:31,1
DA:32,1
DA:33,1
DA:34,1
DA:35,1
DA:36,1
DA:37,1
DA:38,1
DA:39,1
DA:40,1
DA:41,1
DA:42,1
DA:43,1
DA:44,1
DA:45,1
DA:46,1
DA:47,1
DA:48,1
DA:49,1
DA:50,1
DA:51,1
DA:52,1
DA:53,1
DA:54,1
DA:55,1
DA:56,1
DA:57,1
DA:58,1
DA:59,1
DA:60,1
DA:61,1
DA:62,1
DA:63,1
DA:64,1
DA:65,1
DA:66,1
DA:67,1
DA:68,1
DA:69,1
DA:70,1
DA:71,1
DA:72,1
DA:73,1
DA:74,1
DA:75,1
DA:76,1
DA:77,1
DA:78,1
DA:79,1
DA:80,1
DA:81,1
DA:82,1
DA:83,1
DA:84,1
DA:85,1
DA:86,1
DA:87,1
DA:88,1
DA:89,1
DA:90,1
DA:91,1
DA:92,1
DA:93,1
DA:94,1
DA:95,1
DA:96,1
DA:97,1
DA:98,1
DA:99,1
DA:100,1
DA:101,1
DA:102,1
DA:103,1
DA:104,1
DA:105,1
DA:106,1
DA:107,1
DA:108,1
DA:109,1
DA:110,1
DA:111,1
DA:112,1
DA:113,1
DA:114,1
DA:115,1
DA:116,1
DA:117,1
DA:118,1
DA:119,1
DA:120,1
DA:121,1
DA:122,1
DA:123,1
DA:124,1
DA:125,1
DA:126,1
DA:127,1
DA:128,1
DA:129,1
DA:130,1
DA:131,1
DA:132,1
DA:133,1
DA:134,1
DA:135,1
DA:136,1
DA:137,1
DA:138,1
DA:139,1
DA:140,1
DA:141,1
DA:142,1
DA:143,1
DA:144,1
DA:145,1
DA:146,1
DA:147,1
DA:148,1
DA:149,1
DA:150,1
DA:151,1
DA:152,1
DA:153,1
DA:154,1
DA:155,1
DA:156,1
DA:157,1
DA:158,1
DA:159,1
DA:160,1
DA:161,1
DA:162,1
DA:163,1
DA:164,1
DA:165,1
DA:166,1
DA:167,1
DA:168,1
DA:169,1
DA:170,1
DA:171,1
DA:172,1
DA:173,1
DA:174,1
DA:175,1
DA:176,1
DA:177,1
DA:178,1
DA:179,1
DA:180,1
LF:180
LH:180
BRF:0
BRH:0
end_of_record
TN:
SF:src/hooks/checkWindowSize.ts
FN:3,checkWindowSize
FNF:1
FNH:1
FNDA:4,checkWindowSize
DA:1,1
DA:2,1
DA:3,1
DA:4,4
DA:5,4
DA:6,4
DA:7,4
DA:8,4
DA:9,1
DA:10,1
DA:11,1
DA:12,1
DA:13,1
DA:14,1
DA:15,3
DA:16,3
DA:17,4
DA:18,1
DA:19,1
DA:20,1
DA:21,1
DA:22,1
DA:23,4
DA:24,1
DA:25,1
DA:26,1
DA:27,1
DA:28,1
DA:29,1
DA:30,4
DA:31,1
DA:32,1
DA:33,1
DA:34,1
DA:35,1
DA:36,4
DA:37,0
DA:38,0
DA:39,0
DA:40,0
DA:41,0
DA:42,4
DA:43,4
LF:43
LH:38
BRDA:3,0,0,4
BRDA:8,1,0,1
BRDA:14,2,0,3
BRDA:17,3,0,1
BRDA:23,4,0,1
BRDA:23,5,0,2
BRDA:30,6,0,1
BRDA:36,7,0,0
BRF:8
BRH:7
end_of_record
TN:
SF:src/hooks/useBreadcrumbs.ts
FN:4,useBreadcrumbs
FNF:1
FNH:1
FNDA:2,useBreadcrumbs
DA:1,1
DA:2,1
DA:3,1
DA:4,1
DA:5,2
DA:6,2
DA:7,2
DA:8,2
DA:9,2
DA:10,2
DA:11,2
DA:12,2
LF:12
LH:12
BRDA:4,0,0,2
BRDA:9,1,0,1
BRDA:9,2,0,1
BRDA:10,3,0,1
BRDA:10,4,0,1
BRDA:5,5,0,2
BRDA:6,6,0,2
BRF:7
BRH:7
end_of_record
TN:
SF:src/hooks/useBucketSourcePath.ts
FN:3,useBucketSourcePath
FN:8,getProdParams
FN:15,getPostUploadParams
FN:22,getDevParams
FNF:4
FNH:4
FNDA:3,useBucketSourcePath
FNDA:1,getProdParams
FNDA:1,getPostUploadParams
FNDA:1,getDevParams
DA:1,1
DA:2,1
DA:3,1
DA:4,3
DA:5,3
DA:6,3
DA:7,3
DA:8,3
DA:9,1
DA:10,1
DA:11,1
DA:12,1
DA:13,1
DA:14,3
DA:15,3
DA:16,1
DA:17,1
DA:18,1
DA:19,1
DA:20,1
DA:21,3
DA:22,3
DA:23,1
DA:24,1
DA:25,1
DA:26,1
DA:27,1
DA:28,3
DA:29,3
DA:30,3
DA:31,3
LF:31
LH:31
BRDA:3,0,0,3
BRDA:29,1,0,1
BRDA:29,2,0,2
BRDA:30,3,0,1
BRDA:30,4,0,1
BRDA:8,5,0,1
BRDA:15,6,0,1
BRDA:22,7,0,1
BRF:8
BRH:8
end_of_record
TN:
SF:src/hooks/useCardClasses.ts
FN:4,useCardClasses
FNF:1
FNH:1
FNDA:3,useCardClasses
DA:1,1
DA:2,1
DA:3,1
DA:4,1
DA:5,3
DA:6,3
DA:7,3
DA:8,3
DA:9,3
DA:10,3
DA:11,3
DA:12,3
DA:13,3
DA:14,3
DA:15,3
DA:16,3
DA:17,3
DA:18,3
DA:19,3
DA:20,3
DA:21,3
DA:22,3
DA:23,3
DA:24,3
LF:24
LH:24
BRDA:4,0,0,3
BRDA:5,1,0,1
BRDA:5,2,0,2
BRDA:5,3,0,1
BRDA:6,4,0,1
BRDA:7,5,0,1
BRDA:7,6,0,2
BRDA:8,7,0,1
BRDA:8,8,0,2
BRDA:9,9,0,1
BRDA:10,10,0,1
BRDA:11,11,0,2
BRDA:12,12,0,1
BRF:13
BRH:13
end_of_record
TN:
SF:src/hooks/useClickAway.ts
FN:5,useClickAway
FN:7,handleClickOutside
FNF:2
FNH:2
FNDA:4,useClickAway
FNDA:4,handleClickOutside
DA:1,1
DA:2,1
DA:3,1
DA:4,1
DA:5,1
DA:6,4
DA:7,4
DA:8,4
DA:9,2
DA:10,2
DA:11,4
DA:12,4
DA:13,4
DA:14,4
DA:15,4
DA:16,4
DA:17,4
DA:18,4
DA:19,1
DA:20,1
LF:20
LH:20
BRDA:5,0,0,4
BRDA:6,1,0,4
BRDA:7,2,0,4
BRDA:8,3,0,3
BRDA:8,4,0,2
BRDA:9,5,0,1
BRDA:14,6,0,4
BRF:7
BRH:7
end_of_record
TN:
SF:src/hooks/useGlobalContext.ts
FN:4,useGlobalContext
FNF:1
FNH:1
FNDA:3,useGlobalContext
DA:1,1
DA:2,1
DA:3,1
DA:4,1
DA:5,3
DA:6,3
DA:7,2
DA:8,2
DA:9,1
DA:10,1
LF:10
LH:10
BRDA:4,0,0,3
BRDA:6,1,0,2
BRDA:8,2,0,1
BRF:3
BRH:3
end_of_record
TN:
SF:src/hooks/useHasHash.ts
FN:6,useHasHash
FNF:1
FNH:1
FNDA:5,useHasHash
DA:1,1
DA:2,1
DA:3,1
DA:4,1
DA:5,1
DA:6,1
DA:7,5
DA:8,5
DA:9,5
DA:10,5
DA:11,3
DA:12,2
DA:13,2
DA:14,4
DA:15,4
DA:16,5
DA:17,5
DA:18,5
DA:19,5
LF:19
LH:19
BRDA:6,0,0,5
BRDA:10,1,0,3
BRDA:11,2,0,1
BRDA:11,3,0,2
BRDA:13,4,0,4
BRF:5
BRH:5
end_of_record
TN:
SF:src/hooks/useImageSourcePath.ts
FN:3,useImageSourcePath
FN:12,getProdParams
FN:21,getPostUploadParams
FN:27,getDevParams
FNF:4
FNH:2
FNDA:2,useImageSourcePath
FNDA:2,getProdParams
FNDA:0,getPostUploadParams
FNDA:0,getDevParams
DA:1,1
DA:2,1
DA:3,1
DA:4,2
DA:5,2
DA:6,2
DA:7,2
DA:8,2
DA:9,2
DA:10,2
DA:11,2
DA:12,2
DA:13,2
DA:14,2
DA:15,2
DA:16,2
DA:17,2
DA:18,2
DA:19,2
DA:20,2
DA:21,2
DA:22,0
DA:23,0
DA:24,0
DA:25,0
DA:26,0
DA:27,2
DA:28,0
DA:29,0
DA:30,0
DA:31,0
DA:32,0
DA:33,2
DA:34,2
DA:35,2
DA:36,2
DA:37,2
LF:37
LH:27
BRDA:3,0,0,2
BRDA:4,1,0,2
BRDA:34,2,0,0
BRDA:35,3,0,0
BRDA:12,4,0,2
BRF:5
BRH:3
end_of_record
TN:
SF:src/hooks/useIsMounted.ts
FN:5,useIsMounted
FNF:1
FNH:1
FNDA:4,useIsMounted
DA:1,1
DA:2,1
DA:3,1
DA:4,1
DA:5,1
DA:6,4
DA:7,4
DA:8,4
DA:9,2
DA:10,2
DA:11,2
DA:12,4
DA:13,4
DA:14,4
DA:15,4
LF:15
LH:15
BRDA:5,0,0,4
BRDA:8,1,0,2
BRDA:11,2,0,2
BRF:3
BRH:3
end_of_record
TN:
SF:src/hooks/useMainImagePath.ts
FN:10,useMainImagePath
FN:15,getSourceImagePath
FNF:2
FNH:2
FNDA:6,useMainImagePath
FNDA:6,getSourceImagePath
DA:1,1
DA:2,1
DA:3,1
DA:4,1
DA:5,1
DA:6,1
DA:7,1
DA:8,1
DA:9,1
DA:10,1
DA:11,6
DA:12,6
DA:13,6
DA:14,6
DA:15,6
DA:16,6
DA:17,5
DA:18,6
DA:19,2
DA:20,6
DA:21,1
DA:22,1
DA:23,5
DA:24,5
DA:25,5
DA:26,6
DA:27,6
DA:28,6
LF:28
LH:28
BRDA:10,0,0,6
BRDA:15,1,0,6
BRDA:16,2,0,1
BRDA:16,3,0,5
BRDA:18,4,0,3
BRDA:18,5,0,2
BRDA:20,6,0,3
BRDA:20,7,0,2
BRDA:20,8,0,1
BRDA:20,9,0,1
BRDA:22,10,0,5
BRF:11
BRH:11
end_of_record
TN:
SF:src/hooks/useMappedCategories.ts
FN:5,useMappedCategoriesNames
FN:13,mapActivityToName
FN:19,mapCountryToName
FN:24,mapRegionToName
FNF:4
FNH:4
FNDA:2,useMappedCategoriesNames
FNDA:2,mapActivityToName
FNDA:2,mapCountryToName
FNDA:2,mapRegionToName
DA:1,1
DA:2,1
DA:3,1
DA:4,1
DA:5,1
DA:6,2
DA:7,2
DA:8,2
DA:9,2
DA:10,2
DA:11,2
DA:12,1
DA:13,2
DA:14,2
DA:15,2
DA:16,2
DA:17,2
DA:18,1
DA:19,2
DA:20,2
DA:21,2
DA:22,2
DA:23,1
DA:24,2
DA:25,2
DA:26,2
DA:27,2
LF:27
LH:27
BRDA:5,0,0,2
BRDA:6,1,0,2
BRDA:13,2,0,2
BRDA:16,3,0,1
BRDA:16,4,0,1
BRDA:14,5,0,1
BRDA:14,6,0,1
BRDA:19,7,0,2
BRDA:21,8,0,1
BRDA:21,9,0,1
BRDA:20,10,0,2
BRDA:20,11,0,3
BRDA:24,12,0,2
BRDA:26,13,0,1
BRDA:26,14,0,1
BRDA:25,15,0,1
BRDA:25,16,0,1
BRF:17
BRH:17
end_of_record
TN:
SF:src/hooks/useScrollDown.ts
FN:1,useScrollDown
FN:2,scrollDown
FNF:2
FNH:2
FNDA:2,useScrollDown
FNDA:2,scrollDown
DA:1,1
DA:2,2
DA:3,2
DA:4,2
DA:5,2
DA:6,2
DA:7,2
DA:8,2
DA:9,2
DA:10,2
LF:10
LH:10
BRDA:1,0,0,2
BRDA:2,1,0,2
BRDA:5,2,0,1
BRF:3
BRH:3
end_of_record
TN:
SF:src/hooks/useScrollForOutOfViewport.ts
FN:5,useScrollForOutOfViewport
FN:9,isInViewport
FNF:2
FNH:1
FNDA:2,useScrollForOutOfViewport
FNDA:0,isInViewport
DA:1,1
DA:2,1
DA:3,1
DA:4,1
DA:5,1
DA:6,2
DA:7,2
DA:8,2
DA:9,2
DA:10,0
DA:11,0
DA:12,0
DA:13,2
DA:14,2
DA:15,0
DA:16,0
DA:17,2
DA:18,2
DA:19,2
DA:20,2
LF:20
LH:15
BRDA:5,0,0,2
BRDA:8,1,0,2
BRDA:14,2,0,0
BRDA:14,3,0,0
BRF:4
BRH:2
end_of_record
TN:
SF:src/hooks/useServiceWorker.ts
FN:3,useServiceWorker
FN:4,registerServiceWorker
FNF:2
FNH:2
FNDA:3,useServiceWorker
FNDA:3,registerServiceWorker
DA:1,1
DA:2,1
DA:3,1
DA:4,3
DA:5,3
DA:6,2
DA:7,2
DA:8,1
DA:9,1
DA:10,2
DA:11,0
DA:12,0
DA:13,0
DA:14,0
DA:15,2
DA:16,1
DA:17,1
DA:18,2
DA:19,3
DA:20,3
DA:21,3
DA:22,3
DA:23,3
DA:24,3
LF:24
LH:20
BRDA:3,0,0,3
BRDA:4,1,0,3
BRDA:5,2,0,2
BRDA:7,3,0,1
BRDA:10,4,0,0
BRDA:15,5,0,1
BRDA:21,6,0,3
BRF:7
BRH:6
end_of_record
TN:
SF:src/hooks/useSessionStorage.ts
FN:5,useSessionStorage
FNF:1
FNH:1
FNDA:8,useSessionStorage
DA:1,1
DA:2,1
DA:3,1
DA:4,1
DA:5,8
DA:6,8
DA:7,6
DA:8,6
DA:9,6
DA:10,6
DA:11,1
DA:12,1
DA:13,1
DA:14,6
DA:15,8
DA:16,8
DA:17,8
DA:18,8
DA:19,7
DA:20,7
DA:21,8
DA:22,0
DA:23,0
DA:24,8
DA:25,8
DA:26,8
DA:27,8
DA:28,1
DA:29,1
LF:29
LH:27
BRDA:5,0,0,8
BRDA:6,1,0,6
BRDA:9,2,0,2
BRDA:9,3,0,4
BRDA:10,4,0,1
BRDA:16,5,0,8
BRDA:18,6,0,7
BRDA:21,7,0,0
BRF:8
BRH:7
end_of_record
TN:
SF:src/hooks/useSetGlobalStyleProperties.ts
FN:4,useSetGlobalStyleProperties
FNF:1
FNH:1
FNDA:1,useSetGlobalStyleProperties
DA:1,1
DA:2,1
DA:3,1
DA:4,1
DA:5,1
DA:6,1
DA:7,1
DA:8,1
DA:9,1
DA:10,1
DA:11,1
LF:11
LH:11
BRDA:4,0,0,1
BRDA:5,1,0,1
BRF:2
BRH:2
end_of_record
TN:
SF:src/hooks/useSlickSettings.ts
FN:4,useSlickSettings
FNF:1
FNH:1
FNDA:3,useSlickSettings
DA:1,1
DA:2,1
DA:3,1
DA:4,1
DA:5,3
DA:6,3
DA:7,3
DA:8,3
DA:9,3
DA:10,3
DA:11,3
DA:12,3
DA:13,3
DA:14,3
DA:15,3
DA:16,3
DA:17,3
DA:18,3
DA:19,3
DA:20,3
DA:21,3
DA:22,3
DA:23,3
DA:24,3
DA:25,3
DA:26,3
DA:27,3
DA:28,3
DA:29,3
DA:30,3
DA:31,3
DA:32,3
DA:33,3
DA:34,3
DA:35,3
DA:36,3
DA:37,3
DA:38,3
DA:39,3
LF:39
LH:39
BRDA:4,0,0,3
BRDA:10,1,0,1
BRDA:10,2,0,2
BRDA:38,3,0,1
BRDA:38,4,0,2
BRF:5
BRH:5
end_of_record
TN:
SF:src/hooks/useWindowSize.ts
FN:4,useWindowSize
FNF:1
FNH:1
FNDA:2,useWindowSize
DA:1,1
DA:2,1
DA:3,1
DA:4,1
DA:5,2
DA:6,2
DA:7,2
DA:8,2
LF:8
LH:8
BRDA:4,0,0,2
BRF:1
BRH:1
end_of_record
TN:
SF:src/pages/api/parse-gpx.ts
FN:38,handler
FN:70,getDistance
FNF:2
FNH:2
FNDA:2,handler
FNDA:2,getDistance
DA:1,1
DA:2,1
DA:3,1
DA:4,1
DA:5,1
DA:6,1
DA:7,1
DA:8,1
DA:9,1
DA:10,1
DA:11,1
DA:12,1
DA:13,1
DA:14,1
DA:15,1
DA:16,1
DA:17,1
DA:18,1
DA:19,1
DA:20,1
DA:21,1
DA:22,1
DA:23,1
DA:24,1
DA:25,1
DA:26,1
DA:27,1
DA:28,1
DA:29,1
DA:30,1
DA:31,1
DA:32,1
DA:33,1
DA:34,1
DA:35,1
DA:36,1
DA:37,1
DA:38,1
DA:39,2
DA:40,2
DA:41,2
DA:42,2
DA:43,2
DA:44,2
DA:45,2
DA:46,2
DA:47,2
DA:48,1
DA:49,1
DA:50,1
DA:51,2
DA:52,1
DA:53,1
DA:54,1
DA:55,1
DA:56,1
DA:57,1
DA:58,1
DA:59,1
DA:60,1
DA:61,0
DA:62,0
DA:63,1
DA:64,1
DA:65,1
DA:66,2
DA:67,2
DA:68,2
DA:69,2
DA:70,2
DA:71,2
DA:72,1
DA:73,1
DA:74,1
DA:75,1
DA:76,1
DA:77,1
DA:78,1
DA:79,2
DA:80,2
DA:81,2
DA:82,2
DA:83,2
DA:84,2
DA:85,2
DA:86,2
DA:87,2
DA:88,1
DA:89,1
DA:90,1
DA:91,1
DA:92,1
DA:93,1
DA:94,1
DA:95,1
DA:96,1
DA:97,1
DA:98,1
DA:99,1
DA:100,1
DA:101,1
DA:102,2
LF:102
LH:100
BRDA:38,0,0,2
BRDA:40,1,0,0
BRDA:40,2,0,0
BRDA:47,3,0,1
BRDA:51,4,0,0
BRDA:51,5,0,1
BRDA:59,6,0,1
BRDA:60,7,0,0
BRDA:65,8,0,2
BRDA:85,9,0,0
BRDA:70,10,0,2
BRDA:71,11,0,1
BRDA:89,12,0,2
BRDA:93,13,0,1
BRF:14
BRH:9
end_of_record
TN:
SF:src/pages/api/publish.ts
FN:6,handler
FN:19,performDBChanges
FNF:2
FNH:2
FNDA:3,handler
FNDA:2,performDBChanges
DA:1,1
DA:2,1
DA:3,1
DA:4,1
DA:5,1
DA:6,1
DA:7,3
DA:8,1
DA:9,1
DA:10,2
DA:11,2
DA:12,3
DA:13,1
DA:14,1
DA:15,1
DA:16,1
DA:17,1
DA:18,1
DA:19,1
DA:20,2
DA:21,2
DA:22,2
DA:23,2
DA:24,2
DA:25,2
DA:26,2
DA:27,2
DA:28,2
DA:29,2
DA:30,2
DA:31,2
DA:32,2
DA:33,2
DA:34,2
DA:35,2
DA:36,2
DA:37,2
DA:38,1
DA:39,1
DA:40,1
DA:41,1
DA:42,1
DA:43,1
DA:44,1
DA:45,1
DA:46,1
DA:47,1
DA:48,1
DA:49,1
DA:50,2
DA:51,0
DA:52,2
DA:53,1
DA:54,1
DA:55,1
DA:56,1
DA:57,2
DA:58,0
DA:59,0
DA:60,0
DA:61,2
DA:62,1
LF:62
LH:58
BRDA:6,0,0,3
BRDA:7,1,0,1
BRDA:9,2,0,2
BRDA:12,3,0,1
BRDA:19,4,0,2
BRDA:37,5,0,1
BRDA:50,6,0,0
BRDA:52,7,0,1
BRDA:57,8,0,0
BRDA:35,9,0,1
BRF:10
BRH:8
end_of_record
TN:
SF:src/pages/api/search.ts
FN:8,handler
FN:33,searchQueryBuilder
FNF:2
FNH:2
FNDA:2,handler
FNDA:6,searchQueryBuilder
DA:1,1
DA:2,1
DA:3,1
DA:4,1
DA:5,1
DA:6,1
DA:7,1
DA:8,1
DA:9,2
DA:10,2
DA:11,2
DA:12,2
DA:13,2
DA:14,2
DA:15,2
DA:16,2
DA:17,2
DA:18,2
DA:19,1
DA:20,1
DA:21,1
DA:22,2
DA:23,2
DA:24,2
DA:25,2
DA:26,2
DA:27,2
DA:28,1
DA:29,1
DA:30,1
DA:31,2
DA:32,1
DA:33,6
DA:34,6
DA:35,6
DA:36,6
DA:37,6
LF:37
LH:37
BRDA:8,0,0,2
BRDA:18,1,0,1
BRDA:21,2,0,2
BRDA:33,3,0,6
BRF:4
BRH:4
end_of_record
TN:
SF:src/pages/api/hooks/useGpxData.ts
FN:10,useGPXData
FNF:1
FNH:1
FNDA:7,useGPXData
DA:1,1
DA:2,1
DA:3,1
DA:4,1
DA:5,1
DA:6,1
DA:7,1
DA:8,1
DA:9,1
DA:10,1
DA:11,7
DA:12,7
DA:13,7
DA:14,7
DA:15,7
DA:16,3
DA:17,2
DA:18,2
DA:19,2
DA:20,2
DA:21,1
DA:22,0
DA:23,0
DA:24,1
DA:25,1
DA:26,2
DA:27,1
DA:28,1
DA:29,2
DA:30,1
DA:31,1
DA:32,2
DA:33,2
DA:34,2
DA:35,2
DA:36,7
DA:37,7
DA:38,7
DA:39,7
DA:40,1
DA:41,1
LF:41
LH:39
BRDA:10,0,0,7
BRDA:15,1,0,3
BRDA:16,2,0,2
BRDA:16,3,0,2
BRDA:16,4,0,2
BRDA:20,5,0,1
BRDA:21,6,0,0
BRDA:26,7,0,1
BRDA:29,8,0,1
BRDA:32,9,0,2
BRF:10
BRH:9
end_of_record
TN:
SF:src/pages/api/hooks/useRouteSchemePoints.ts
FN:8,useRouteSchemePoints
FNF:1
FNH:1
FNDA:7,useRouteSchemePoints
DA:1,1
DA:2,1
DA:3,1
DA:4,1
DA:5,1
DA:6,1
DA:7,1
DA:8,1
DA:9,7
DA:10,7
DA:11,7
DA:12,7
DA:13,7
DA:14,3
DA:15,2
DA:16,2
DA:17,2
DA:18,2
DA:19,1
DA:20,0
DA:21,0
DA:22,1
DA:23,1
DA:24,2
DA:25,1
DA:26,1
DA:27,2
DA:28,1
DA:29,1
DA:30,2
DA:31,2
DA:32,2
DA:33,2
DA:34,7
DA:35,7
DA:36,7
DA:37,7
DA:38,1
DA:39,1
LF:39
LH:37
BRDA:8,0,0,7
BRDA:13,1,0,3
BRDA:14,2,0,2
BRDA:14,3,0,2
BRDA:14,4,0,2
BRDA:18,5,0,1
BRDA:19,6,0,0
BRDA:24,7,0,1
BRDA:27,8,0,1
BRDA:30,9,0,2
BRF:10
BRH:9
end_of_record
TN:
SF:src/pages/api/hooks/useSearch.ts
FN:8,useSearch
FN:15,clearData
FNF:2
FNH:2
FNDA:18,useSearch
FNDA:5,clearData
DA:1,1
DA:2,1
DA:3,1
DA:4,1
DA:5,1
DA:6,1
DA:7,1
DA:8,1
DA:9,18
DA:10,18
DA:11,18
DA:12,18
DA:13,18
DA:14,18
DA:15,18
DA:16,5
DA:17,5
DA:18,5
DA:19,18
DA:20,18
DA:21,8
DA:22,3
DA:23,3
DA:24,3
DA:25,3
DA:26,3
DA:27,2
DA:28,2
DA:29,2
DA:30,3
DA:31,1
DA:32,1
DA:33,1
DA:34,3
DA:35,18
DA:36,18
DA:37,18
DA:38,5
DA:39,18
DA:40,18
DA:41,18
DA:42,18
DA:43,1
DA:44,1
LF:44
LH:44
BRDA:8,0,0,18
BRDA:15,1,0,5
BRDA:20,2,0,8
BRDA:21,3,0,3
BRDA:25,4,0,2
BRDA:26,5,0,2
BRDA:30,6,0,1
BRDA:37,7,0,5
BRF:8
BRH:8
end_of_record
TN:
SF:src/server/shared/posts.ts
FN:7,getLatestPosts
FN:37,getPathsPosts
FNF:2
FNH:2
FNDA:1,getLatestPosts
FNDA:1,getPathsPosts
DA:1,1
DA:2,1
DA:3,1
DA:4,1
DA:5,1
DA:6,1
DA:7,1
DA:8,1
DA:9,1
DA:10,1
DA:11,1
DA:12,1
DA:13,1
DA:14,1
DA:15,1
DA:16,1
DA:17,1
DA:18,1
DA:19,1
DA:20,1
DA:21,1
DA:22,1
DA:23,1
DA:24,1
DA:25,1
DA:26,0
DA:27,0
DA:28,1
DA:29,1
DA:30,1
DA:31,1
DA:32,1
DA:33,1
DA:34,1
DA:35,1
DA:36,1
DA:37,1
DA:38,1
DA:39,1
DA:40,1
DA:41,1
DA:42,1
DA:43,1
DA:44,1
DA:45,1
DA:46,1
DA:47,1
LF:47
LH:45
BRDA:7,0,0,1
BRDA:20,1,0,0
BRDA:25,2,0,0
BRDA:31,3,0,1
BRDA:37,4,0,1
BRDA:44,5,0,0
BRF:6
BRH:3
end_of_record
TN:
SF:src/styles/variables/breakpoints.ts
FNF:0
FNH:0
DA:1,1
DA:2,1
DA:3,1
DA:4,1
LF:4
LH:4
BRF:0
BRH:0
end_of_record
TN:
SF:src/styles/variables/navbar-constants.ts
FNF:0
FNH:0
DA:1,1
LF:1
LH:1
BRF:0
BRH:0
end_of_record
TN:
SF:src/utils/index.ts
FN:5,parseDate
FN:38,removeSelectedProps
FN:42,mapCategories
FN:50,parse
FN:52,isMobileDevice
FNF:5
FNH:5
FNDA:2,parseDate
FNDA:1,removeSelectedProps
FNDA:1,mapCategories
FNDA:1,parse
FNDA:5,isMobileDevice
DA:1,1
DA:2,1
DA:3,1
DA:4,1
DA:5,1
DA:6,2
DA:7,2
DA:8,2
DA:9,2
DA:10,2
DA:11,2
DA:12,2
DA:13,2
DA:14,2
DA:15,2
DA:16,2
DA:17,2
DA:18,2
DA:19,2
DA:20,2
DA:21,2
DA:22,2
DA:23,2
DA:24,2
DA:25,2
DA:26,2
DA:27,2
DA:28,2
DA:29,2
DA:30,2
DA:31,2
DA:32,2
DA:33,2
DA:34,2
DA:35,2
DA:36,2
DA:37,1
DA:38,1
DA:39,1
DA:40,1
DA:41,1
DA:42,1
DA:43,1
DA:44,1
DA:45,1
DA:46,1
DA:47,1
DA:48,1
DA:49,1
DA:50,1
DA:51,1
DA:52,1
DA:53,5
DA:54,5
DA:55,5
LF:55
LH:55
BRDA:5,0,0,2
BRDA:38,1,0,1
BRDA:39,2,0,3
BRDA:42,3,0,1
BRDA:43,4,0,1
BRDA:44,5,0,1
BRDA:45,6,0,2
BRDA:50,7,0,1
BRDA:52,8,0,5
BRF:9
BRH:9
end_of_record
